# JRE version: OpenJDK Runtime Environment JBR-17.0.5+1-653.25-jcef (17.0.5+1) (build 17.0.5+1-b653.25)
# Java VM: OpenJDK 64-Bit Server VM JBR-17.0.5+1-653.25-jcef (17.0.5+1-b653.25, mixed mode, tiered, compressed oops, compressed class ptrs, g1 gc, windows-amd64)
GC Precious Log:
 CPUs: 8 total, 8 available
 Memory: 3947M
 Large Page Support: Disabled
 NUMA Support: Disabled
 Compressed Oops: Enabled (32-bit)
 Heap Region Size: 1M
 Heap Min Capacity: 256M
 Heap Initial Capacity: 256M
 Heap Max Capacity: 512M
 Pre-touch: Disabled
 Parallel Workers: 8
 Concurrent Workers: 2
 Concurrent Refinement Workers: 8
 Periodic GC: Disabled
Heap:
 garbage-first heap   total 262144K, used 104776K [0x00000000e0000000, 0x0000000100000000)
  region size 1024K, 96 young (98304K), 9 survivors (9216K)
 Metaspace       used 35154K, committed 35456K, reserved 245760K
  class space    used 4790K, committed 4928K, reserved 212992K
GC Heap History (6 events):
Event: 2.826 GC heap before
{Heap before GC invocations=0 (full 0):
 garbage-first heap   total 262144K, used 28672K [0x00000000e0000000, 0x0000000100000000)
  region size 1024K, 23 young (23552K), 0 survivors (0K)
 Metaspace       used 8948K, committed 9152K, reserved 221184K
  class space    used 859K, committed 960K, reserved 212992K
}
Event: 2.842 GC heap after
{Heap after GC invocations=1 (full 0):
 garbage-first heap   total 262144K, used 9052K [0x00000000e0000000, 0x0000000100000000)
  region size 1024K, 3 young (3072K), 3 survivors (3072K)
 Metaspace       used 8948K, committed 9152K, reserved 221184K
  class space    used 859K, committed 960K, reserved 212992K
}
Event: 4.545 GC heap before
{Heap before GC invocations=1 (full 0):
 garbage-first heap   total 262144K, used 37724K [0x00000000e0000000, 0x0000000100000000)
  region size 1024K, 31 young (31744K), 3 survivors (3072K)
 Metaspace       used 11165K, committed 11392K, reserved 229376K
  class space    used 1164K, committed 1280K, reserved 212992K
}
Event: 4.548 GC heap after
{Heap after GC invocations=2 (full 0):
 garbage-first heap   total 262144K, used 9937K [0x00000000e0000000, 0x0000000100000000)
  region size 1024K, 1 young (1024K), 1 survivors (1024K)
 Metaspace       used 11165K, committed 11392K, reserved 229376K
  class space    used 1164K, committed 1280K, reserved 212992K
}
Event: 11.677 GC heap before
{Heap before GC invocations=2 (full 0):
 garbage-first heap   total 262144K, used 68305K [0x00000000e0000000, 0x0000000100000000)
  region size 1024K, 59 young (60416K), 1 survivors (1024K)
 Metaspace       used 21372K, committed 21504K, reserved 237568K
  class space    used 2619K, committed 2688K, reserved 212992K
}
Event: 11.685 GC heap after
{Heap after GC invocations=3 (full 0):
 garbage-first heap   total 262144K, used 17736K [0x00000000e0000000, 0x0000000100000000)
  region size 1024K, 9 young (9216K), 9 survivors (9216K)
 Metaspace       used 21372K, committed 21504K, reserved 237568K
  class space    used 2619K, committed 2688K, reserved 212992K
}

